[debug] [2023-01-11T08:27:41.657Z] ----------------------------------------------------------------------
[debug] [2023-01-11T08:27:41.662Z] Command:       C:\Program Files\nodejs\node.exe C:\Users\TYT_Softwares\AppData\Roaming\npm\node_modules\firebase-tools\lib\bin\firebase.js init
[debug] [2023-01-11T08:27:41.663Z] CLI Version:   11.20.0
[debug] [2023-01-11T08:27:41.663Z] Platform:      win32
[debug] [2023-01-11T08:27:41.663Z] Node Version:  v16.17.0
[debug] [2023-01-11T08:27:41.665Z] Time:          Wed Jan 11 2023 00:27:41 GMT-0800 (Pacific Standard Time)
[debug] [2023-01-11T08:27:41.665Z] ----------------------------------------------------------------------
[debug] 
[debug] [2023-01-11T08:27:41.903Z] > command requires scopes: ["email","openid","https://www.googleapis.com/auth/cloudplatformprojects.readonly","https://www.googleapis.com/auth/firebase","https://www.googleapis.com/auth/cloud-platform"]
[debug] [2023-01-11T08:27:41.904Z] > authorizing via signed-in user (yeshua.t137@gmail.com)
[info] 
     ######## #### ########  ######## ########     ###     ######  ########
     ##        ##  ##     ## ##       ##     ##  ##   ##  ##       ##
     ######    ##  ########  ######   ########  #########  ######  ######
     ##        ##  ##    ##  ##       ##     ## ##     ##       ## ##
     ##       #### ##     ## ######## ########  ##     ##  ######  ########

You're about to initialize a Firebase project in this directory:

  C:\Users\TYT_Softwares\Desktop\React JS\my-app

Before we get started, keep in mind:

  * You are initializing within an existing Firebase project directory

[info] 
=== Project Setup
[info] 
[info] First, let's associate this project directory with a Firebase project.
[info] You can create multiple project aliases by running firebase use --add, 
[info] but for now we'll just set up a default project.
[info] 
[debug] [2023-01-11T08:27:49.937Z] Using project from CLI flag: movieapp-d3264
[debug] [2023-01-11T08:27:49.941Z] >>> [apiv2][query] GET https://firebase.googleapis.com/v1beta1/projects/movieapp-d3264 [none]
[debug] [2023-01-11T08:27:52.961Z] <<< [apiv2][status] GET https://firebase.googleapis.com/v1beta1/projects/movieapp-d3264 200
[debug] [2023-01-11T08:27:52.961Z] <<< [apiv2][body] GET https://firebase.googleapis.com/v1beta1/projects/movieapp-d3264 {"projectId":"movieapp-d3264","projectNumber":"555998787806","displayName":"MovieApp","name":"projects/movieapp-d3264","resources":{"hostingSite":"movieapp-d3264"},"state":"ACTIVE","etag":"1_f1d9ad73-e777-49e7-97fc-7d1b5e9a8dea"}
[info] i  Using project movieapp-d3264 (MovieApp) 
[info] 
=== Hosting Setup
[info] 
[info] Your public directory is the folder (relative to your project directory) that
[info] will contain Hosting assets to be uploaded with firebase deploy. If you
[info] have a build process for your assets, use your build's output directory.
[info] 
[info] +  Wrote build/404.html 
[debug] [2023-01-11T08:28:42.146Z] >>> [apiv2][query] GET https://www.gstatic.com/firebasejs/releases.json [none]
[debug] [2023-01-11T08:28:51.746Z] <<< [apiv2][status] GET https://www.gstatic.com/firebasejs/releases.json 200
[debug] [2023-01-11T08:28:51.746Z] <<< [apiv2][body] GET https://www.gstatic.com/firebasejs/releases.json {"current":{"version":"9.15.0","browserURL":"https://www.gstatic.com/firebasejs/9.15.0/firebase.js","packageURL":"https://www.gstatic.com/firebasejs/9.15.0/firebase.tgz"},"live":{"version":"9.15","browserURL":"https://www.gstatic.com/firebasejs/live/9.15/firebase.js","packageURL":"https://www.gstatic.com/firebasejs/live/9.15/firebase.tgz"},"components":{"analytics":"https://www.gstatic.com/firebasejs/9.15.0/firebase-analytics.js","app":"https://www.gstatic.com/firebasejs/9.15.0/firebase-app.js","app-check":"https://www.gstatic.com/firebasejs/9.15.0/firebase-app-check.js","auth":"https://www.gstatic.com/firebasejs/9.15.0/firebase-auth.js","auth/cordova":"https://www.gstatic.com/firebasejs/9.15.0/firebase-auth/cordova.js","auth/react-native":"https://www.gstatic.com/firebasejs/9.15.0/firebase-auth/react-native.js","functions":"https://www.gstatic.com/firebasejs/9.15.0/firebase-functions.js","firestore":"https://www.gstatic.com/firebasejs/9.15.0/firebase-firestore.js","firestore/lite":"https://www.gstatic.com/firebasejs/9.15.0/firebase-firestore/lite.js","installations":"https://www.gstatic.com/firebasejs/9.15.0/firebase-installations.js","storage":"https://www.gstatic.com/firebasejs/9.15.0/firebase-storage.js","performance":"https://www.gstatic.com/firebasejs/9.15.0/firebase-performance.js","remote-config":"https://www.gstatic.com/firebasejs/9.15.0/firebase-remote-config.js","messaging":"https://www.gstatic.com/firebasejs/9.15.0/firebase-messaging.js","messaging/sw":"https://www.gstatic.com/firebasejs/9.15.0/firebase-messaging/sw.js","database":"https://www.gstatic.com/firebasejs/9.15.0/firebase-database.js","firestore.memory":"https://www.gstatic.com/firebasejs/9.15.0/firebase-firestore.memory.js"}}
[info] +  Wrote build/index.html 
[info] 
[info] i  Detected a .git folder at C:\Users\TYT_Softwares\Desktop\React JS\my-app 
[info] i  Authorizing with GitHub to upload your service account to a GitHub repository's secrets store. 
[info] 
[info] Visit this URL on this device to log in:
[info] https://github.com/login/oauth/authorize?client_id=89cf50f02ac6aaed3484&state=579254896&redirect_uri=http%3A%2F%2Flocalhost%3A9005&scope=read%3Auser%20repo%20public_repo
[info] 
[info] Waiting for authentication...
